This is pdfTeX, Version 3.14159265-2.6-1.40.21 (TeX Live 2020/W32TeX) (preloaded format=pdflatex 2020.6.10)  16 JUN 2020 16:14
entering extended mode
 restricted \write18 enabled.
 %&-line parsing enabled.
**"Cal Table App Note.tex"
(./Cal Table App Note.tex
LaTeX2e <2020-02-02> patch level 5
L3 programming layer <2020-06-03>
(c:/texlive/2020/texmf-dist/tex/latex/base/article.cls
Document Class: article 2019/12/20 v1.4l Standard LaTeX document class
(c:/texlive/2020/texmf-dist/tex/latex/base/size12.clo
File: size12.clo 2019/12/20 v1.4l Standard LaTeX file (size option)
)
\c@part=\count167
\c@section=\count168
\c@subsection=\count169
\c@subsubsection=\count170
\c@paragraph=\count171
\c@subparagraph=\count172
\c@figure=\count173
\c@table=\count174
\abovecaptionskip=\skip47
\belowcaptionskip=\skip48
\bibindent=\dimen134
)
(c:/texlive/2020/texmf-dist/tex/latex/graphics/graphicx.sty
Package: graphicx 2019/11/30 v1.2a Enhanced LaTeX Graphics (DPC,SPQR)

(c:/texlive/2020/texmf-dist/tex/latex/graphics/keyval.sty
Package: keyval 2014/10/28 v1.15 key=value parser (DPC)
\KV@toks@=\toks15
)
(c:/texlive/2020/texmf-dist/tex/latex/graphics/graphics.sty
Package: graphics 2019/11/30 v1.4a Standard LaTeX Graphics (DPC,SPQR)

(c:/texlive/2020/texmf-dist/tex/latex/graphics/trig.sty
Package: trig 2016/01/03 v1.10 sin cos tan (DPC)
)
(c:/texlive/2020/texmf-dist/tex/latex/graphics-cfg/graphics.cfg
File: graphics.cfg 2016/06/04 v1.11 sample graphics configuration
)
Package graphics Info: Driver file: pdftex.def on input line 105.

(c:/texlive/2020/texmf-dist/tex/latex/graphics-def/pdftex.def
File: pdftex.def 2018/01/08 v1.0l Graphics/color driver for pdftex
))
\Gin@req@height=\dimen135
\Gin@req@width=\dimen136
)
(c:/texlive/2020/texmf-dist/tex/latex/float/float.sty
Package: float 2001/11/08 v1.3d Float enhancements (AL)
\c@float@type=\count175
\float@exts=\toks16
\float@box=\box45
\@float@everytoks=\toks17
\@floatcapt=\box46
)
(c:/texlive/2020/texmf-dist/tex/latex/l3backend/l3backend-pdfmode.def
File: l3backend-pdfmode.def 2020-06-03 L3 backend support: PDF mode
\l__kernel_color_stack_int=\count176
\l__pdf_internal_box=\box47
)
(./Cal Table App Note.aux)
\openout1 = `"Cal Table App Note.aux"'.

LaTeX Font Info:    Checking defaults for OML/cmm/m/it on input line 32.
LaTeX Font Info:    ... okay on input line 32.
LaTeX Font Info:    Checking defaults for OMS/cmsy/m/n on input line 32.
LaTeX Font Info:    ... okay on input line 32.
LaTeX Font Info:    Checking defaults for OT1/cmr/m/n on input line 32.
LaTeX Font Info:    ... okay on input line 32.
LaTeX Font Info:    Checking defaults for T1/cmr/m/n on input line 32.
LaTeX Font Info:    ... okay on input line 32.
LaTeX Font Info:    Checking defaults for TS1/cmr/m/n on input line 32.
LaTeX Font Info:    ... okay on input line 32.
LaTeX Font Info:    Checking defaults for OMX/cmex/m/n on input line 32.
LaTeX Font Info:    ... okay on input line 32.
LaTeX Font Info:    Checking defaults for U/cmr/m/n on input line 32.
LaTeX Font Info:    ... okay on input line 32.

(c:/texlive/2020/texmf-dist/tex/context/base/mkii/supp-pdf.mkii
[Loading MPS to PDF converter (version 2006.09.02).]
\scratchcounter=\count177
\scratchdimen=\dimen137
\scratchbox=\box48
\nofMPsegments=\count178
\nofMParguments=\count179
\everyMPshowfont=\toks18
\MPscratchCnt=\count180
\MPscratchDim=\dimen138
\MPnumerator=\count181
\makeMPintoPDFobject=\count182
\everyMPtoPDFconversion=\toks19
) (c:/texlive/2020/texmf-dist/tex/latex/epstopdf-pkg/epstopdf-base.sty
Package: epstopdf-base 2020-01-24 v2.11 Base part for package epstopdf
Package epstopdf-base Info: Redefining graphics rule for `.eps' on input line 4
85.

(c:/texlive/2020/texmf-dist/tex/latex/latexconfig/epstopdf-sys.cfg
File: epstopdf-sys.cfg 2010/07/13 v1.3 Configuration of (r)epstopdf for TeX Liv
e
))
LaTeX Font Info:    External font `cmex10' loaded for size
(Font)              <14.4> on input line 36.
LaTeX Font Info:    External font `cmex10' loaded for size
(Font)              <7> on input line 36.
 [1

{c:/texlive/2020/texmf-var/fonts/map/pdftex/updmap/pdftex.map}] [1]
<CaltableFigure2.png, id=12, 621.32124pt x 597.23125pt>
File: CaltableFigure2.png Graphic file (type png)
<use CaltableFigure2.png>
Package pdftex.def Info: CaltableFigure2.png  used on input line 51.
(pdftex.def)             Requested size: 390.0pt x 374.8816pt.
 [2 <./CaltableFigure2.png (PNG copy)>]
<CalAddress.png, id=16, 484.81125pt x 461.725pt>
File: CalAddress.png Graphic file (type png)
<use CalAddress.png>
Package pdftex.def Info: CalAddress.png  used on input line 62.
(pdftex.def)             Requested size: 193.92105pt x 184.68672pt.
 [3 <./CalAddress.png (PNG copy)>]
<Sensor Example.png, id=21, 718.1229pt x 315.579pt>
File: Sensor Example.png Graphic file (type png)
<use Sensor Example.png>
Package pdftex.def Info: Sensor Example.png  used on input line 88.
(pdftex.def)             Requested size: 390.0pt x 171.38762pt.
 [4 <./Sensor Example.png>]
LaTeX Font Info:    External font `cmex10' loaded for size
(Font)              <12> on input line 103.
LaTeX Font Info:    External font `cmex10' loaded for size
(Font)              <8> on input line 103.
LaTeX Font Info:    External font `cmex10' loaded for size
(Font)              <6> on input line 103.
 [5] [6]
<show.txt.png, id=37, 462.528pt x 346.896pt>
File: show.txt.png Graphic file (type png)
<use show.txt.png>
Package pdftex.def Info: show.txt.png  used on input line 128.
(pdftex.def)             Requested size: 390.0pt x 292.5128pt.
 [7 <./show.txt.png>]
<Example_1.txt.png, id=42, 462.528pt x 346.896pt>
File: Example_1.txt.png Graphic file (type png)
<use Example_1.txt.png>
Package pdftex.def Info: Example_1.txt.png  used on input line 145.
(pdftex.def)             Requested size: 390.0pt x 292.5128pt.
 [8 <./Example_1.txt.png>]
<Example_2.txt.png, id=47, 462.528pt x 346.896pt>
File: Example_2.txt.png Graphic file (type png)
<use Example_2.txt.png>
Package pdftex.def Info: Example_2.txt.png  used on input line 157.
(pdftex.def)             Requested size: 390.0pt x 292.5128pt.

Underfull \vbox (badness 10000) has occurred while \output is active []

 [9 <./Example_2.txt.png>]
<Example_3.txt.png, id=52, 462.528pt x 346.896pt>
File: Example_3.txt.png Graphic file (type png)
<use Example_3.txt.png>
Package pdftex.def Info: Example_3.txt.png  used on input line 171.
(pdftex.def)             Requested size: 390.0pt x 292.5128pt.
<Example_4.txt.png, id=53, 462.528pt x 346.896pt>
File: Example_4.txt.png Graphic file (type png)
<use Example_4.txt.png>
Package pdftex.def Info: Example_4.txt.png  used on input line 180.
(pdftex.def)             Requested size: 390.0pt x 292.5128pt.

Underfull \vbox (badness 10000) has occurred while \output is active []

 [10 <./Example_3.txt.png>]
<VDO sensor curve.png, id=58, 952.55875pt x 655.44875pt>
File: VDO sensor curve.png Graphic file (type png)
<use VDO sensor curve.png>
Package pdftex.def Info: VDO sensor curve.png  used on input line 189.
(pdftex.def)             Requested size: 390.0pt x 268.35567pt.

Underfull \vbox (badness 10000) has occurred while \output is active []

 [11 <./Example_4.txt.png>] [12 <./VDO sensor curve.png (PNG copy)>]
<VDO_250_Derived.txt.png, id=67, 462.528pt x 346.896pt>
File: VDO_250_Derived.txt.png Graphic file (type png)
<use VDO_250_Derived.txt.png>
Package pdftex.def Info: VDO_250_Derived.txt.png  used on input line 209.
(pdftex.def)             Requested size: 390.0pt x 292.5128pt.
 [13 <./VDO_250_Derived.txt.png>]
Underfull \vbox (badness 4205) has occurred while \output is active []

 [14]
<Type A input.png, id=75, 427.3566pt x 144.54pt>
File: Type A input.png Graphic file (type png)
<use Type A input.png>
Package pdftex.def Info: Type A input.png  used on input line 231.
(pdftex.def)             Requested size: 299.14757pt x 101.17729pt.
<Type B input.png, id=76, 427.3566pt x 144.54pt>
File: Type B input.png Graphic file (type png)
<use Type B input.png>
Package pdftex.def Info: Type B input.png  used on input line 241.
(pdftex.def)             Requested size: 299.14757pt x 101.17729pt.
<Type C input.png, id=77, 416.9979pt x 247.1634pt>
File: Type C input.png Graphic file (type png)
<use Type C input.png>
Package pdftex.def Info: Type C input.png  used on input line 252.
(pdftex.def)             Requested size: 291.89653pt x 173.01318pt.

[15 <./Type A input.png> <./Type B input.png>]
<Switch Settings.png, id=81, 1295.84125pt x 259.97125pt>
File: Switch Settings.png Graphic file (type png)
<use Switch Settings.png>
Package pdftex.def Info: Switch Settings.png  used on input line 259.
(pdftex.def)             Requested size: 390.0pt x 78.24188pt.
 [16 <./Type C input.png> <./Switch Settings.png (PNG copy)>] [17] (./Cal Table
 App Note.aux) ) 
Here is how much of TeX's memory you used:
 1326 strings out of 480478
 19891 string characters out of 5903500
 255388 words of memory out of 5000000
 17370 multiletter control sequences out of 15000+600000
 537843 words of font info for 42 fonts, out of 8000000 for 9000
 1141 hyphenation exceptions out of 8191
 30i,7n,25p,1009b,217s stack positions out of 5000i,500n,10000p,200000b,80000s
{c:/texlive/2020/texmf-dist/fonts/enc/dvips/cm-super/cm-super-t
s1.enc}<c:/texlive/2020/texmf-dist/fonts/type1/public/amsfonts/cm/cmbx12.pfb><c
:/texlive/2020/texmf-dist/fonts/type1/public/amsfonts/cm/cmmi12.pfb><c:/texlive
/2020/texmf-dist/fonts/type1/public/amsfonts/cm/cmmi8.pfb><c:/texlive/2020/texm
f-dist/fonts/type1/public/amsfonts/cm/cmr12.pfb><c:/texlive/2020/texmf-dist/fon
ts/type1/public/amsfonts/cm/cmr17.pfb><c:/texlive/2020/texmf-dist/fonts/type1/p
ublic/amsfonts/cm/cmsy10.pfb><c:/texlive/2020/texmf-dist/fonts/type1/public/cm-
super/sfrm1200.pfb>
Output written on "Cal Table App Note.pdf" (18 pages, 968672 bytes).
PDF statistics:
 113 PDF objects out of 1000 (max. 8388607)
 64 compressed objects within 1 object stream
 0 named destinations out of 1000 (max. 500000)
 71 words of extra memory for PDF output out of 10000 (max. 10000000)

